<?xml version="1.0" encoding="UTF-8"?>
<testsuite name="com.epam.microservices.shop.service.LogisticalOrderServiceImplTest" tests="3" skipped="0" failures="0" errors="0" timestamp="2020-09-17T09:05:54" hostname="MacBook-Pro-Uladzislau.local" time="0.145">
  <properties/>
  <testcase name="getOrderDetails_shouldFailed" classname="com.epam.microservices.shop.service.LogisticalOrderServiceImplTest" time="0.125"/>
  <testcase name="getOrderDetails_shouldReturnSucceed" classname="com.epam.microservices.shop.service.LogisticalOrderServiceImplTest" time="0.003"/>
  <testcase name="createOrder_shouldPassAndPublishOrderCreatedEvent" classname="com.epam.microservices.shop.service.LogisticalOrderServiceImplTest" time="0.016"/>
  <system-out><![CDATA[]]></system-out>
  <system-err><![CDATA[]]></system-err>
</testsuite>
