<?xml version="1.0" encoding="UTF-8"?>
<testsuite name="com.epam.microservices.shop.controller.LogisticalOrderControllerTest" tests="2" skipped="0" failures="0" errors="0" timestamp="2020-09-17T09:05:51" hostname="MacBook-Pro-Uladzislau.local" time="0.269">
  <properties/>
  <testcase name="createOrder_shouldReturnOrderIdentifier" classname="com.epam.microservices.shop.controller.LogisticalOrderControllerTest" time="0.23"/>
  <testcase name="getOrderDetails_shouldReturn200" classname="com.epam.microservices.shop.controller.LogisticalOrderControllerTest" time="0.038"/>
  <system-out><![CDATA[2020-09-17 12:05:50.276  INFO 8100 --- [    Test worker] .b.t.a.w.s.WebMvcTestContextBootstrapper : Neither @ContextConfiguration nor @ContextHierarchy found for test class [com.epam.microservices.shop.controller.LogisticalOrderControllerTest], using SpringBootContextLoader
2020-09-17 12:05:50.277  INFO 8100 --- [    Test worker] o.s.t.c.support.AbstractContextLoader    : Could not detect default resource locations for test class [com.epam.microservices.shop.controller.LogisticalOrderControllerTest]: no resource found for suffixes {-context.xml, Context.groovy}.
2020-09-17 12:05:50.277  INFO 8100 --- [    Test worker] t.c.s.AnnotationConfigContextLoaderUtils : Could not detect default configuration classes for test class [com.epam.microservices.shop.controller.LogisticalOrderControllerTest]: LogisticalOrderControllerTest does not declare any static, non-private, non-final, nested classes annotated with @Configuration.
2020-09-17 12:05:50.288  INFO 8100 --- [    Test worker] .b.t.c.SpringBootTestContextBootstrapper : Found @SpringBootConfiguration com.epam.microservices.shop.ApplicationInitializer for test class com.epam.microservices.shop.controller.LogisticalOrderControllerTest
2020-09-17 12:05:50.289  INFO 8100 --- [    Test worker] .b.t.a.w.s.WebMvcTestContextBootstrapper : Loaded default TestExecutionListener class names from location [META-INF/spring.factories]: [org.springframework.cloud.contract.stubrunner.provider.wiremock.StubRunnerWireMockTestExecutionListener, org.springframework.boot.test.autoconfigure.restdocs.RestDocsTestExecutionListener, org.springframework.boot.test.autoconfigure.web.client.MockRestServiceServerResetTestExecutionListener, org.springframework.boot.test.autoconfigure.web.servlet.MockMvcPrintOnlyOnFailureTestExecutionListener, org.springframework.boot.test.autoconfigure.web.servlet.WebDriverTestExecutionListener, org.springframework.boot.test.autoconfigure.webservices.client.MockWebServiceServerTestExecutionListener, org.springframework.boot.test.mock.mockito.MockitoTestExecutionListener, org.springframework.boot.test.mock.mockito.ResetMocksTestExecutionListener, org.springframework.test.context.web.ServletTestExecutionListener, org.springframework.test.context.support.DirtiesContextBeforeModesTestExecutionListener, org.springframework.test.context.support.DependencyInjectionTestExecutionListener, org.springframework.test.context.support.DirtiesContextTestExecutionListener, org.springframework.test.context.transaction.TransactionalTestExecutionListener, org.springframework.test.context.jdbc.SqlScriptsTestExecutionListener, org.springframework.test.context.event.EventPublishingTestExecutionListener]
2020-09-17 12:05:50.290  INFO 8100 --- [    Test worker] .b.t.a.w.s.WebMvcTestContextBootstrapper : Using TestExecutionListeners: [org.springframework.test.context.web.ServletTestExecutionListener@58e2b74a, org.springframework.test.context.support.DirtiesContextBeforeModesTestExecutionListener@e34948d, org.springframework.boot.test.mock.mockito.MockitoTestExecutionListener@56815325, org.springframework.boot.test.autoconfigure.SpringBootDependencyInjectionTestExecutionListener@1c696970, org.springframework.test.context.support.DirtiesContextTestExecutionListener@51fcc550, org.springframework.test.context.transaction.TransactionalTestExecutionListener@7bc6a31e, org.springframework.test.context.jdbc.SqlScriptsTestExecutionListener@2782df38, org.springframework.test.context.event.EventPublishingTestExecutionListener@70770051, org.springframework.boot.test.autoconfigure.restdocs.RestDocsTestExecutionListener@47169d4a, org.springframework.boot.test.autoconfigure.web.client.MockRestServiceServerResetTestExecutionListener@90608e5, org.springframework.boot.test.autoconfigure.web.servlet.MockMvcPrintOnlyOnFailureTestExecutionListener@38cc6de2, org.springframework.boot.test.autoconfigure.web.servlet.WebDriverTestExecutionListener@70718722, org.springframework.boot.test.autoconfigure.webservices.client.MockWebServiceServerTestExecutionListener@3feb8ab, org.springframework.boot.test.mock.mockito.ResetMocksTestExecutionListener@3a86d911, org.springframework.cloud.contract.stubrunner.provider.wiremock.StubRunnerWireMockTestExecutionListener@61fe00de]

  .   ____          _            __ _ _
 /\\ / ___'_ __ _ _(_)_ __  __ _ \ \ \ \
( ( )\___ | '_ | '_| | '_ \/ _` | \ \ \ \
 \\/  ___)| |_)| | | | | || (_| |  ) ) ) )
  '  |____| .__|_| |_|_| |_\__, | / / / /
 =========|_|==============|___/=/_/_/_/
 :: Spring Boot ::        (v2.3.3.RELEASE)

2020-09-17 12:05:50.336  INFO 8100 --- [    Test worker] c.e.m.s.c.LogisticalOrderControllerTest  : Starting LogisticalOrderControllerTest on MacBook-Pro-Uladzislau.local with PID 8100 (started by vladmoss in /Users/vladmoss/Desktop/microservices/order-service)
2020-09-17 12:05:50.338  INFO 8100 --- [    Test worker] c.e.m.s.c.LogisticalOrderControllerTest  : No active profile set, falling back to default profiles: default
2020-09-17 12:05:50.986  INFO 8100 --- [    Test worker] o.s.s.concurrent.ThreadPoolTaskExecutor  : Initializing ExecutorService 'applicationTaskExecutor'
2020-09-17 12:05:51.258  INFO 8100 --- [    Test worker] o.s.b.t.m.w.SpringBootMockServletContext : Initializing Spring TestDispatcherServlet ''
2020-09-17 12:05:51.258  INFO 8100 --- [    Test worker] o.s.t.web.servlet.TestDispatcherServlet  : Initializing Servlet ''
2020-09-17 12:05:51.275  INFO 8100 --- [    Test worker] o.s.t.web.servlet.TestDispatcherServlet  : Completed initialization in 17 ms
2020-09-17 12:05:51.299  INFO 8100 --- [    Test worker] c.e.m.s.c.LogisticalOrderControllerTest  : Started LogisticalOrderControllerTest in 1.0 seconds (JVM running for 7.476)
]]></system-out>
  <system-err><![CDATA[]]></system-err>
</testsuite>
